{"target": -2745.377271777634, "params": {"Cc": 6.190803414883816e-15, "Cjp": 3.183297719911382e-14, "Cjt": 5.220949225161186e-14, "Ct": 9.172417945233588e-14, "Ejp": 227942436550.4188, "Ejt": 136588612810.83488, "alpha": 0.3970350090232436, "ng": 0.37955833499096225}, "datetime": {"datetime": "2022-09-05 10:41:35", "elapsed": 15.672871, "delta": 0.259144}}
{"target": -1750.228394082044, "params": {"Cc": 9.431815431781843e-15, "Cjp": 8.45886649080056e-14, "Cjt": 9.210044491626039e-14, "Ct": 2.3562128705180378e-14, "Ejp": 126244662866.07727, "Ejt": 129558407699.64107, "alpha": 0.3515012928912403, "ng": 0.15242976290689347}, "datetime": {"datetime": "2022-09-05 10:41:35", "elapsed": 15.944611, "delta": 0.27174}}
{"target": -1451.3279554919359, "params": {"Cc": 6.463847457752144e-15, "Cjp": 4.1945055085114975e-14, "Cjt": 8.18187996708942e-14, "Ct": 1.9327909428634034e-14, "Ejp": 310562958926.8931, "Ejt": 134124468697.19861, "alpha": 0.5593752710726878, "ng": 0.20469627916623667}, "datetime": {"datetime": "2022-09-05 10:41:35", "elapsed": 16.182346, "delta": 0.237735}}
{"target": -1136.485836779026, "params": {"Cc": 1.5126795953454945e-15, "Cjp": 2.365255342507721e-14, "Cjt": 6.674615298012455e-14, "Ct": 5.02277592426926e-14, "Ejp": 255704795222.10364, "Ejt": 111152052538.12288, "alpha": 0.5565726812370051, "ng": 0.3990260275624631}, "datetime": {"datetime": "2022-09-05 10:41:36", "elapsed": 16.413802, "delta": 0.231456}}
{"target": -805.6123177910036, "params": {"Cc": 8.351515979124597e-15, "Cjp": 5.98428897592668e-14, "Cjt": 9.762291776475959e-14, "Ct": 9.025469588226281e-14, "Ejp": 278682380080.7937, "Ejt": 61349213860.05998, "alpha": 0.1748616766539846, "ng": 0.11961151451266792}, "datetime": {"datetime": "2022-09-05 10:41:36", "elapsed": 16.727156, "delta": 0.313354}}
{"target": -10969.52402566793, "params": {"Cc": 5.065598338223278e-15, "Cjp": 3.8168048483617925e-14, "Cjt": 9.755965339275837e-14, "Ct": 1.7630346026761876e-14, "Ejp": 391836277579.7966, "Ejt": 318616204102.05457, "alpha": 0.7593902716995983, "ng": 0.28978474503339924}, "datetime": {"datetime": "2022-09-05 10:41:36", "elapsed": 16.962879, "delta": 0.235723}}
{"target": -2958.160297834694, "params": {"Cc": 7.018594931860589e-15, "Cjp": 4.821135101859815e-14, "Cjt": 2.3004993353841527e-15, "Ct": 3.594760246864066e-14, "Ejp": 247621540448.06754, "Ejt": 305531923881.5365, "alpha": 0.47490267419688736, "ng": 0.23722147482682954}, "datetime": {"datetime": "2022-09-05 10:41:37", "elapsed": 17.285268, "delta": 0.322389}}
{"target": -1335.0383722296187, "params": {"Cc": 2.2389646685104282e-15, "Cjp": 2.07798464654442e-15, "Cjt": 7.606954778722262e-14, "Ct": 3.2675330969690166e-14, "Ejp": 395315035058.0532, "Ejt": 127081979155.7046, "alpha": 0.3709664203853438, "ng": 0.25716884069983953}, "datetime": {"datetime": "2022-09-05 10:41:37", "elapsed": 17.517908, "delta": 0.23264}}
{"target": -2914.396780784005, "params": {"Cc": 7.794023113544794e-15, "Cjp": 4.692192060612927e-14, "Cjt": 1.3357431768055954e-14, "Ct": 3.193763647071291e-14, "Ejp": 251355750910.2984, "Ejt": 285847152805.9037, "alpha": 0.7161199650496738, "ng": 0.1391007342863063}, "datetime": {"datetime": "2022-09-05 10:41:37", "elapsed": 17.742628, "delta": 0.22472}}
{"target": -5186.73961659161, "params": {"Cc": 1.206236181901436e-15, "Cjp": 5.238914989898696e-14, "Cjt": 8.118888235557921e-14, "Ct": 2.247772935957755e-15, "Ejp": 301740953396.1202, "Ejt": 290382879329.94714, "alpha": 0.4593974028693101, "ng": 0.37443660602258033}, "datetime": {"datetime": "2022-09-05 10:41:37", "elapsed": 18.016087, "delta": 0.273459}}
{"target": -10977.109226857401, "params": {"Cc": 6.799249762812937e-15, "Cjp": 1.5187439274951193e-15, "Cjt": 4.895841610592319e-14, "Ct": 8.60724628036624e-14, "Ejp": 349119871011.20184, "Ejt": 277203968989.3673, "alpha": 0.6389587391189053, "ng": 0.2735498739367602}, "datetime": {"datetime": "2022-09-05 10:41:38", "elapsed": 18.305092, "delta": 0.289005}}
{"target": -1088.667215338881, "params": {"Cc": 3.4670779765016692e-15, "Cjp": 5.6492469063069825e-14, "Cjt": 6.750124869692461e-14, "Ct": 3.589053339142448e-14, "Ejp": 356748510176.17834, "Ejt": 118263120103.04755, "alpha": 0.6978566482655386, "ng": 0.18688082385606325}, "datetime": {"datetime": "2022-09-05 10:41:38", "elapsed": 18.526705, "delta": 0.221613}}
{"target": -11705.366017639912, "params": {"Cc": 7.964193585197638e-15, "Cjp": 4.334599560427155e-14, "Cjt": 8.096214250210874e-14, "Ct": 3.599995140413105e-14, "Ejp": 164107971288.87433, "Ejt": 318549577947.6183, "alpha": 0.3469135581045209, "ng": 0.31997352031792825}, "datetime": {"datetime": "2022-09-05 10:41:38", "elapsed": 18.800316, "delta": 0.273611}}
{"target": -1274.0946376009979, "params": {"Cc": 7.700258377699589e-15, "Cjp": 2.2918273389911908e-14, "Cjt": 2.2197101545244196e-14, "Ct": 2.0695844419279603e-14, "Ejp": 142755501329.7534, "Ejt": 181978909722.56696, "alpha": 0.12130230775329719, "ng": 0.1332761107102722}, "datetime": {"datetime": "2022-09-05 10:41:38", "elapsed": 19.02492, "delta": 0.224604}}
{"target": -4074.0033286772023, "params": {"Cc": 7.071076213870695e-15, "Cjp": 8.017787715284125e-14, "Cjt": 8.972423185710205e-15, "Ct": 2.393852873809341e-14, "Ejp": 162287698541.14432, "Ejt": 371066747078.57074, "alpha": 0.6690516145091894, "ng": 0.2661653833154243}, "datetime": {"datetime": "2022-09-05 10:41:39", "elapsed": 19.26805, "delta": 0.24313}}
{"target": -6471.362233229621, "params": {"Cc": 3.740661891285582e-15, "Cjp": 8.365055071554805e-14, "Cjt": 4.409528980532248e-14, "Ct": 9.242216529675875e-14, "Ejp": 311815541300.7799, "Ejt": 217310957787.84918, "alpha": 0.20096808299948699, "ng": 0.3928130651403243}, "datetime": {"datetime": "2022-09-05 10:41:39", "elapsed": 19.59615, "delta": 0.3281}}
{"target": -5989.104365393299, "params": {"Cc": 2.4385028530968403e-15, "Cjp": 2.1057610396746597e-14, "Cjt": 4.368699376087673e-14, "Ct": 4.101598867173958e-14, "Ejp": 144025444229.28824, "Ejt": 305261621776.3932, "alpha": 0.2509960535017488, "ng": 0.29316869329349887}, "datetime": {"datetime": "2022-09-05 10:41:39", "elapsed": 19.823921, "delta": 0.227771}}
{"target": -9724.134336464984, "params": {"Cc": 7.788753555186687e-15, "Cjp": 2.1862506816248753e-14, "Cjt": 6.049447056265636e-14, "Ct": 7.514390914933781e-14, "Ejp": 291465613186.10004, "Ejt": 258994556031.32718, "alpha": 0.3363858285243977, "ng": 0.31948194137245267}, "datetime": {"datetime": "2022-09-05 10:41:39", "elapsed": 20.080267, "delta": 0.256346}}
{"target": -875.6532492580416, "params": {"Cc": 9.507775959999547e-15, "Cjp": 4.313057763589315e-14, "Cjt": 7.843599986630912e-14, "Ct": 6.557962926529616e-15, "Ejp": 350581480746.98975, "Ejt": 117287505887.7517, "alpha": 0.41607749511197856, "ng": 0.19002431377760695}, "datetime": {"datetime": "2022-09-05 10:41:40", "elapsed": 20.379724, "delta": 0.299457}}
{"target": -548.2308112049323, "params": {"Cc": 1.7209327942544436e-15, "Cjp": 9.055846929068805e-14, "Cjt": 3.7645263577820093e-14, "Ct": 5.353904640913782e-14, "Ejp": 248234879768.89752, "Ejt": 96256399680.02835, "alpha": 0.26516324711154643, "ng": 0.12285664270969636}, "datetime": {"datetime": "2022-09-05 10:41:40", "elapsed": 20.690782, "delta": 0.311058}}
{"target": -242.4646166502455, "params": {"Cc": 5.571295299507587e-15, "Cjp": 2.6893405631465726e-14, "Cjt": 3.6349099279396404e-14, "Ct": 1.1698467541026448e-14, "Ejp": 336265551895.7522, "Ejt": 87304356876.08038, "alpha": 0.8885670589705502, "ng": 0.1531483493315252}, "datetime": {"datetime": "2022-09-05 10:41:40", "elapsed": 20.92146, "delta": 0.230678}}
{"target": -8199.234865267004, "params": {"Cc": 6.1516460119118435e-15, "Cjp": 5.4396881243197244e-15, "Cjt": 7.892451267592758e-14, "Ct": 1.977098883401136e-14, "Ejp": 258371193522.438, "Ejt": 309027140105.67505, "alpha": 0.21994518793380477, "ng": 0.2653261522560916}, "datetime": {"datetime": "2022-09-05 10:41:40", "elapsed": 21.151733, "delta": 0.230273}}
{"target": -170.25134664095023, "params": {"Cc": 2.9495548749590146e-15, "Cjp": 7.616040888239732e-14, "Cjt": 7.256860416206516e-14, "Ct": 1.847835439343122e-14, "Ejp": 358589967300.1221, "Ejt": 56921284830.72049, "alpha": 0.7881895979384922, "ng": 0.26767114334828157}, "datetime": {"datetime": "2022-09-05 10:41:41", "elapsed": 21.371164, "delta": 0.219431}}
{"target": -430.82116099757644, "params": {"Cc": 4.628984248952643e-15, "Cjp": 7.611594617121132e-14, "Cjt": 7.197597116755452e-14, "Ct": 9.874529130603423e-14, "Ejp": 183425514583.89484, "Ejt": 51327785343.269905, "alpha": 0.8471220866519102, "ng": 0.35736913136136816}, "datetime": {"datetime": "2022-09-05 10:41:41", "elapsed": 21.584838, "delta": 0.213674}}
{"target": -17685.469949800638, "params": {"Cc": 7.559657897673304e-15, "Cjp": 5.215218950923231e-14, "Cjt": 7.098866827962734e-14, "Ct": 7.827242613079754e-14, "Ejp": 212462783061.0578, "Ejt": 319612883865.48517, "alpha": 0.7004994553401404, "ng": 0.28396336346327794}, "datetime": {"datetime": "2022-09-05 10:41:41", "elapsed": 21.796235, "delta": 0.211397}}
{"target": -966.5023262398926, "params": {"Cc": 4.616793315710536e-15, "Cjp": 7.003349390716976e-14, "Cjt": 1.3081729246940186e-15, "Ct": 7.771476802573518e-14, "Ejp": 368924980737.0541, "Ejt": 133760497603.12662, "alpha": 0.1966137474473838, "ng": 0.1660851963381183}, "datetime": {"datetime": "2022-09-05 10:41:41", "elapsed": 22.127251, "delta": 0.331016}}
{"target": -1370.9193342483106, "params": {"Cc": 3.718870581610884e-15, "Cjp": 8.841982234781959e-14, "Cjt": 5.4773476593571366e-14, "Ct": 2.938445331103663e-14, "Ejp": 141506406937.88397, "Ejt": 151550562086.5896, "alpha": 0.5910968717930021, "ng": 0.197241558969234}, "datetime": {"datetime": "2022-09-05 10:41:42", "elapsed": 22.364965, "delta": 0.237714}}
{"target": -10224.12692573557, "params": {"Cc": 5.116241635218986e-15, "Cjp": 4.4967593594644834e-14, "Cjt": 8.298540071241969e-14, "Ct": 4.320846726938684e-14, "Ejp": 203709646352.6507, "Ejt": 286240061683.1868, "alpha": 0.27718564458682304, "ng": 0.24017374717796616}, "datetime": {"datetime": "2022-09-05 10:41:42", "elapsed": 22.643022, "delta": 0.278057}}
{"target": -5772.8309007915495, "params": {"Cc": 3.832891185916148e-15, "Cjp": 6.305870461412063e-14, "Cjt": 8.785868699478644e-14, "Ct": 4.532121101441723e-14, "Ejp": 335337225637.5769, "Ejt": 209937995196.54263, "alpha": 0.6249834653737051, "ng": 0.13955229250825066}, "datetime": {"datetime": "2022-09-05 10:41:42", "elapsed": 22.902586, "delta": 0.259564}}
{"target": -7144.592377141107, "params": {"Cc": 4.896833562708834e-15, "Cjp": 9.102188687683874e-14, "Cjt": 6.094242110206254e-14, "Ct": 7.691068413647311e-14, "Ejp": 251410182428.7683, "Ejt": 224319468689.8026, "alpha": 0.77431987215428, "ng": 0.12034208030228613}, "datetime": {"datetime": "2022-09-05 10:41:42", "elapsed": 23.138901, "delta": 0.236315}}
{"target": -956.7259684719627, "params": {"Cc": 6.159450443947162e-15, "Cjp": 9.433349496786198e-14, "Cjt": 5.226814476905987e-14, "Ct": 2.0252115143260567e-14, "Ejp": 354381817733.04285, "Ejt": 138073699824.5485, "alpha": 0.6605808291860303, "ng": 0.26207828211907}, "datetime": {"datetime": "2022-09-05 10:41:43", "elapsed": 23.383673, "delta": 0.244772}}
{"target": -348.0430925965574, "params": {"Cc": 9.539526594521976e-15, "Cjp": 6.280933353786492e-14, "Cjt": 8.39598182427252e-14, "Ct": 1.785354743257787e-15, "Ejp": 396802016849.9914, "Ejt": 77200099616.33527, "alpha": 0.3577036108918157, "ng": 0.38384571863702965}, "datetime": {"datetime": "2022-09-05 10:41:43", "elapsed": 23.741046, "delta": 0.357373}}
{"target": -13922.216607834545, "params": {"Cc": 1.0804519213412056e-15, "Cjp": 8.245027053677162e-14, "Cjt": 8.625995219831265e-14, "Ct": 4.4543250606648684e-14, "Ejp": 176723558141.77936, "Ejt": 330941331871.6545, "alpha": 0.482289603545777, "ng": 0.14030158259670886}, "datetime": {"datetime": "2022-09-05 10:41:43", "elapsed": 24.005605, "delta": 0.264559}}
{"target": -12446.5956004629, "params": {"Cc": 9.350640935425096e-15, "Cjp": 8.97010267336582e-14, "Cjt": 4.96629698516766e-14, "Ct": 8.581354715526143e-14, "Ejp": 225573407729.2296, "Ejt": 289212715058.2054, "alpha": 0.41839251152633794, "ng": 0.25172260523524315}, "datetime": {"datetime": "2022-09-05 10:41:44", "elapsed": 24.302683, "delta": 0.297078}}
{"target": -96.15538134558838, "params": {"Cc": 2.705965325505346e-15, "Cjp": 9.653390348698048e-14, "Cjt": 3.012735313618122e-14, "Ct": 1.1242496055523733e-14, "Ejp": 143294620068.71442, "Ejt": 54932302967.355034, "alpha": 0.6727565595699156, "ng": 0.2693494960722623}, "datetime": {"datetime": "2022-09-05 10:41:44", "elapsed": 24.548129, "delta": 0.245446}}
