{"target": -192.26472046685075, "params": {"Cc": 4.753198042323166e-15, "Cjp": 7.231212485077366e-14, "Cjt": 1.0113231069171439e-15, "Ct": 3.093092469055214e-14, "Ejp": 144026767245.1339, "Ejt": 82318508169.07922, "alpha": 0.24900816910213674, "ng": 0.20366821811291436}, "datetime": {"datetime": "2022-09-05 10:41:19", "elapsed": 0.0, "delta": 0.0}}
{"target": -13051.808669002236, "params": {"Cc": 4.570907268076029e-15, "Cjp": 5.434285666633234e-14, "Cjt": 4.250025692592619e-14, "Ct": 6.88367305392792e-14, "Ejp": 161335674919.45523, "Ejt": 357341102736.8309, "alpha": 0.12191007455834094, "ng": 0.3011402530535207}, "datetime": {"datetime": "2022-09-05 10:41:20", "elapsed": 0.263942, "delta": 0.263942}}
{"target": -4498.635183723475, "params": {"Cc": 4.755743221304143e-15, "Cjp": 5.631029301612942e-14, "Cjt": 1.4898306920928142e-14, "Ct": 2.0612047419403e-14, "Ejp": 340223370602.661, "Ejt": 388891551501.7891, "alpha": 0.35073934252739425, "ng": 0.30769678470079426}, "datetime": {"datetime": "2022-09-05 10:41:20", "elapsed": 0.574779, "delta": 0.310837}}
{"target": -3339.290072810035, "params": {"Cc": 8.887502370664344e-15, "Cjp": 8.956605968688089e-14, "Cjt": 9.419376925608015e-15, "Ct": 4.866423540055354e-15, "Ejp": 150949125869.37067, "Ejt": 357349876200.2946, "alpha": 0.17867746706644008, "ng": 0.22633228750151568}, "datetime": {"datetime": "2022-09-05 10:41:20", "elapsed": 0.868022, "delta": 0.293243}}
{"target": -11161.50046333447, "params": {"Cc": 9.621005771354518e-15, "Cjp": 5.3783363212328696e-14, "Cjt": 6.949583428109686e-14, "Ct": 3.2236047469600234e-14, "Ejp": 305950278304.4751, "Ejt": 342118985164.0805, "alpha": 0.11463062187535344, "ng": 0.3250432944834903}, "datetime": {"datetime": "2022-09-05 10:41:20", "elapsed": 1.146786, "delta": 0.278764}}
{"target": -4283.6284237669925, "params": {"Cc": 9.899749800158452e-15, "Cjp": 7.506839978360411e-14, "Cjt": 2.8763955214376116e-14, "Ct": 7.913865351669737e-14, "Ejp": 130967801973.2926, "Ejt": 206762734161.5668, "alpha": 0.8268764024744765, "ng": 0.18808424451210387}, "datetime": {"datetime": "2022-09-05 10:41:21", "elapsed": 1.377998, "delta": 0.231212}}
{"target": -962.7484798534314, "params": {"Cc": 3.589978047277139e-15, "Cjp": 1.3872828639709491e-14, "Cjt": 2.9173288291594106e-15, "Ct": 6.820471776104921e-14, "Ejp": 163488434800.0177, "Ejt": 142941330780.27917, "alpha": 0.4932585274242707, "ng": 0.11600876353512413}, "datetime": {"datetime": "2022-09-05 10:41:21", "elapsed": 1.608344, "delta": 0.230346}}
{"target": -4858.676585501334, "params": {"Cc": 6.167058449428117e-15, "Cjp": 1.5526128915675203e-14, "Cjt": 5.934124815342515e-14, "Ct": 7.027607764207219e-14, "Ejp": 130700328648.34775, "Ejt": 194919595736.8489, "alpha": 0.6555201261821961, "ng": 0.22425378085807082}, "datetime": {"datetime": "2022-09-05 10:41:21", "elapsed": 1.867404, "delta": 0.25906}}
{"target": -6902.101398271636, "params": {"Cc": 1.4495811305147846e-15, "Cjp": 5.405374418563565e-14, "Cjt": 6.671566987675909e-14, "Ct": 5.197402209377255e-14, "Ejp": 383378426797.244, "Ejt": 255294264175.6975, "alpha": 0.8227215322303069, "ng": 0.14124241124387127}, "datetime": {"datetime": "2022-09-05 10:41:21", "elapsed": 2.119603, "delta": 0.252199}}
{"target": -1114.8180501177458, "params": {"Cc": 2.253487125256827e-15, "Cjp": 8.093173758224286e-14, "Cjt": 4.037000686156783e-14, "Ct": 1.7370065514576345e-14, "Ejp": 378252574118.8102, "Ejt": 171718050910.9273, "alpha": 0.7006496825089245, "ng": 0.3177993956051355}, "datetime": {"datetime": "2022-09-05 10:41:22", "elapsed": 2.386965, "delta": 0.267362}}
{"target": -14330.30871554047, "params": {"Cc": 8.949754820852289e-15, "Cjp": 6.274354849850527e-14, "Cjt": 7.534330096870638e-14, "Ct": 3.5540935855806413e-14, "Ejp": 180978367529.5078, "Ejt": 363560176368.6234, "alpha": 0.44247295189703595, "ng": 0.3894520141445157}, "datetime": {"datetime": "2022-09-05 10:41:22", "elapsed": 2.672865, "delta": 0.2859}}
{"target": -6196.5224577246045, "params": {"Cc": 6.970973480366032e-15, "Cjp": 6.254787630070306e-14, "Cjt": 1.2359851322384145e-14, "Ct": 9.499943661200006e-14, "Ejp": 234973640043.98218, "Ejt": 252436365035.49612, "alpha": 0.426509442209025, "ng": 0.17110809407290833}, "datetime": {"datetime": "2022-09-05 10:41:22", "elapsed": 2.964151, "delta": 0.291286}}
{"target": -2683.3929687772406, "params": {"Cc": 9.130415685060285e-15, "Cjp": 5.779426918055631e-14, "Cjt": 1.284162376084738e-15, "Ct": 6.209734644845167e-14, "Ejp": 197993470531.62885, "Ejt": 234470335790.16324, "alpha": 0.8087536794486196, "ng": 0.20718092800074994}, "datetime": {"datetime": "2022-09-05 10:41:22", "elapsed": 3.192378, "delta": 0.228227}}
{"target": -13908.938903452246, "params": {"Cc": 9.176816358278193e-15, "Cjp": 6.271265146338847e-14, "Cjt": 2.566303041809072e-15, "Ct": 9.301428614063238e-14, "Ejp": 307269075255.07715, "Ejt": 399062997658.0182, "alpha": 0.23787240667626286, "ng": 0.14114072488866333}, "datetime": {"datetime": "2022-09-05 10:41:23", "elapsed": 3.538749, "delta": 0.346371}}
{"target": -10002.971608985747, "params": {"Cc": 9.393359167334472e-15, "Cjp": 6.998499798750012e-14, "Cjt": 7.534017099484187e-15, "Ct": 7.579084220764417e-14, "Ejp": 326162856538.3739, "Ejt": 373058587441.26917, "alpha": 0.6692198069027774, "ng": 0.13728128859164943}, "datetime": {"datetime": "2022-09-05 10:41:23", "elapsed": 3.804698, "delta": 0.265949}}
{"target": -1516.700619113987, "params": {"Cc": 1.1789212045581604e-15, "Cjp": 3.594887700894209e-15, "Cjt": 3.802342314058666e-15, "Ct": 2.5374895692701543e-14, "Ejp": 358008384604.8664, "Ejt": 238590872519.5785, "alpha": 0.5422575829486127, "ng": 0.3526092677078817}, "datetime": {"datetime": "2022-09-05 10:41:23", "elapsed": 4.03802, "delta": 0.233322}}
{"target": -433.63706217368474, "params": {"Cc": 2.1175598360792e-15, "Cjp": 2.863918422210281e-14, "Cjt": 5.89901678743705e-14, "Ct": 9.698997908364778e-14, "Ejp": 268309065776.71298, "Ejt": 56526551280.53006, "alpha": 0.7405061381444931, "ng": 0.16989228215230615}, "datetime": {"datetime": "2022-09-05 10:41:24", "elapsed": 4.266324, "delta": 0.228304}}
{"target": -1671.9652946511565, "params": {"Cc": 8.263946760569012e-15, "Cjp": 3.939820376235301e-14, "Cjt": 8.649064360138344e-14, "Ct": 7.496504263098128e-14, "Ejp": 266872070197.12567, "Ejt": 97759328981.23975, "alpha": 0.14793415160976933, "ng": 0.1364030367222212}, "datetime": {"datetime": "2022-09-05 10:41:24", "elapsed": 4.534402, "delta": 0.268078}}
{"target": -136.55858576858063, "params": {"Cc": 1.4009669069028557e-15, "Cjp": 1.16419187815032e-14, "Cjt": 2.3345224522177614e-14, "Ct": 7.1585909057885e-14, "Ejp": 267915094616.24274, "Ejt": 54394593055.69055, "alpha": 0.15757942375158943, "ng": 0.39018289900008163}, "datetime": {"datetime": "2022-09-05 10:41:24", "elapsed": 4.763185, "delta": 0.228783}}
{"target": -5575.076052976849, "params": {"Cc": 6.112904157279479e-15, "Cjp": 2.1126030231438056e-14, "Cjt": 2.598024871246202e-14, "Ct": 7.46387595534342e-14, "Ejp": 158628844332.79565, "Ejt": 253475624545.64023, "alpha": 0.8760159912706499, "ng": 0.35404864044701057}, "datetime": {"datetime": "2022-09-05 10:41:24", "elapsed": 5.01328, "delta": 0.250095}}
{"target": -367.26174711226435, "params": {"Cc": 3.1586298323282755e-15, "Cjp": 4.9883201712604273e-14, "Cjt": 6.23756161197566e-14, "Ct": 8.30691090554677e-14, "Ejp": 147037418393.8253, "Ejt": 56501670762.09333, "alpha": 0.15601771497537786, "ng": 0.24590353328110956}, "datetime": {"datetime": "2022-09-05 10:41:25", "elapsed": 5.253539, "delta": 0.240259}}
{"target": -4366.500448897421, "params": {"Cc": 6.456965154879973e-15, "Cjp": 5.731629227156166e-14, "Cjt": 3.2418878522893916e-14, "Ct": 9.887299928683245e-14, "Ejp": 273923565773.73907, "Ejt": 183049410418.24265, "alpha": 0.5407585752943175, "ng": 0.3236003292719507}, "datetime": {"datetime": "2022-09-05 10:41:25", "elapsed": 5.50637, "delta": 0.252831}}
{"target": -495.7256659274308, "params": {"Cc": 7.023096041078661e-15, "Cjp": 2.722703620861813e-14, "Cjt": 7.567148608415717e-15, "Ct": 3.763833559349653e-14, "Ejp": 288915252106.46936, "Ejt": 123560903470.19386, "alpha": 0.7022044429910511, "ng": 0.11996094440623449}, "datetime": {"datetime": "2022-09-05 10:41:25", "elapsed": 5.736703, "delta": 0.230333}}
{"target": -9254.250209777025, "params": {"Cc": 3.3428358872068684e-15, "Cjp": 8.06707018105912e-14, "Cjt": 2.0149993979709446e-14, "Ct": 6.430662720711407e-14, "Ejp": 257401092737.12012, "Ejt": 373682789639.77277, "alpha": 0.3106374163896888, "ng": 0.11978832720520714}, "datetime": {"datetime": "2022-09-05 10:41:25", "elapsed": 6.020517, "delta": 0.283814}}
{"target": -4092.349637298576, "params": {"Cc": 7.615593669598025e-15, "Cjp": 7.744562492478143e-14, "Cjt": 9.087376939784888e-14, "Ct": 9.32652348504869e-14, "Ejp": 104185471892.67911, "Ejt": 132026730142.49718, "alpha": 0.5934226856013262, "ng": 0.384704896206285}, "datetime": {"datetime": "2022-09-05 10:41:26", "elapsed": 6.244449, "delta": 0.223932}}
{"target": -9046.334219106786, "params": {"Cc": 9.551585073223718e-15, "Cjp": 5.610866563132049e-14, "Cjt": 9.164502862686118e-14, "Ct": 6.451505468568742e-14, "Ejp": 217002314242.37387, "Ejt": 220096733483.9184, "alpha": 0.5834483863359786, "ng": 0.2648643764525688}, "datetime": {"datetime": "2022-09-05 10:41:26", "elapsed": 6.483702, "delta": 0.239253}}
{"target": -1152.896525680092, "params": {"Cc": 9.335632840358083e-15, "Cjp": 9.195461012772701e-14, "Cjt": 4.0092685679431937e-14, "Ct": 9.636299031563048e-14, "Ejp": 152186700004.1393, "Ejt": 94215331803.87306, "alpha": 0.20806332643738507, "ng": 0.25169864970306904}, "datetime": {"datetime": "2022-09-05 10:41:26", "elapsed": 6.774647, "delta": 0.290945}}
{"target": -1633.8998562465895, "params": {"Cc": 1.193723247467782e-15, "Cjp": 9.484905091055043e-14, "Cjt": 8.288443164590252e-14, "Ct": 2.4868790934701156e-15, "Ejp": 152858876672.51657, "Ejt": 166222251028.39294, "alpha": 0.20479747584873353, "ng": 0.34284720763797466}, "datetime": {"datetime": "2022-09-05 10:41:26", "elapsed": 7.047943, "delta": 0.273296}}
{"target": -21852.432895622787, "params": {"Cc": 4.102629874149641e-15, "Cjp": 9.407064075100335e-14, "Cjt": 5.861940381476092e-14, "Ct": 8.800436645677257e-14, "Ejp": 353420333617.66656, "Ejt": 366887311548.0272, "alpha": 0.4679042126534456, "ng": 0.263904044806112}, "datetime": {"datetime": "2022-09-05 10:41:27", "elapsed": 7.378419, "delta": 0.330476}}
{"target": -6830.109846589411, "params": {"Cc": 8.187432320368355e-15, "Cjp": 2.928616632168061e-14, "Cjt": 4.953509873937285e-14, "Ct": 6.031192045694195e-14, "Ejp": 104659982665.25072, "Ejt": 257718492868.82303, "alpha": 0.44694107919156667, "ng": 0.3422081586654525}, "datetime": {"datetime": "2022-09-05 10:41:27", "elapsed": 7.610133, "delta": 0.231714}}
{"target": -4003.0126419836442, "params": {"Cc": 3.8372032278583566e-15, "Cjp": 8.939598214398998e-14, "Cjt": 5.820786431316901e-14, "Ct": 1.921700996111904e-14, "Ejp": 336378770147.65125, "Ejt": 264210911965.72687, "alpha": 0.1431274176590024, "ng": 0.22605810400033968}, "datetime": {"datetime": "2022-09-05 10:41:27", "elapsed": 7.946738, "delta": 0.336605}}
{"target": -13546.88676987257, "params": {"Cc": 7.111619529088867e-15, "Cjp": 9.194157601977506e-14, "Cjt": 1.039800464244386e-15, "Ct": 9.769915575407491e-14, "Ejp": 212974094423.73236, "Ejt": 390824238425.4129, "alpha": 0.5837728807792425, "ng": 0.34865374239420793}, "datetime": {"datetime": "2022-09-05 10:41:27", "elapsed": 8.208927, "delta": 0.262189}}
{"target": -9046.183780297513, "params": {"Cc": 6.1724035423729205e-15, "Cjp": 6.31795436324277e-14, "Cjt": 2.9272051887873704e-14, "Ct": 5.909650072495221e-14, "Ejp": 325006529110.798, "Ejt": 350409842750.1648, "alpha": 0.7040657507741441, "ng": 0.30941717453419093}, "datetime": {"datetime": "2022-09-05 10:41:28", "elapsed": 8.437081, "delta": 0.228154}}
{"target": -3958.494182209758, "params": {"Cc": 8.780314870491399e-15, "Cjp": 3.29454186868379e-14, "Cjt": 6.740809028797114e-14, "Ct": 4.563651970492157e-14, "Ejp": 214630825609.45517, "Ejt": 193783972472.76495, "alpha": 0.42118366677563246, "ng": 0.1952151837874831}, "datetime": {"datetime": "2022-09-05 10:41:28", "elapsed": 8.687731, "delta": 0.25065}}
{"target": -7901.775193378869, "params": {"Cc": 6.597274311282713e-15, "Cjp": 4.3594479811305173e-14, "Cjt": 9.740640571479798e-14, "Ct": 6.81022882519968e-14, "Ejp": 159570966528.13327, "Ejt": 199345353271.81146, "alpha": 0.3746769918195384, "ng": 0.33929164118757005}, "datetime": {"datetime": "2022-09-05 10:41:28", "elapsed": 8.942856, "delta": 0.255125}}
{"target": -10315.597579600444, "params": {"Cc": 8.919984597070886e-15, "Cjp": 9.048035362681083e-14, "Cjt": 6.660926142515096e-14, "Ct": 2.7750617940946022e-14, "Ejp": 175710010451.37692, "Ejt": 349214279944.0908, "alpha": 0.5221717170469974, "ng": 0.34064832520137944}, "datetime": {"datetime": "2022-09-05 10:41:29", "elapsed": 9.236585, "delta": 0.293729}}
{"target": -5860.861671640576, "params": {"Cc": 6.1523966547244566e-15, "Cjp": 7.358111000346361e-14, "Cjt": 5.2382151118941536e-14, "Ct": 7.731750713968691e-14, "Ejp": 270657397211.41467, "Ejt": 212998457507.1933, "alpha": 0.3741511263626255, "ng": 0.12046280452501124}, "datetime": {"datetime": "2022-09-05 10:41:29", "elapsed": 9.552372, "delta": 0.315787}}
{"target": -14102.604477463208, "params": {"Cc": 4.401317613952898e-15, "Cjp": 8.882981692126985e-15, "Cjt": 9.829889425931406e-14, "Ct": 1.8979672281745614e-14, "Ejp": 343557609316.1619, "Ejt": 356236575734.56433, "alpha": 0.6507306019087546, "ng": 0.27084832382361274}, "datetime": {"datetime": "2022-09-05 10:41:29", "elapsed": 9.773856, "delta": 0.221484}}
{"target": -963.8440655361421, "params": {"Cc": 2.448742931340479e-15, "Cjp": 4.722112225356733e-14, "Cjt": 3.517203306436629e-14, "Ct": 2.3278955823594374e-14, "Ejp": 277753560629.739, "Ejt": 159294443195.67096, "alpha": 0.8330444427746806, "ng": 0.3728906574854671}, "datetime": {"datetime": "2022-09-05 10:41:29", "elapsed": 9.988781, "delta": 0.214925}}
{"target": -666.4573257918678, "params": {"Cc": 3.3140646440397658e-15, "Cjp": 1.1978238773658891e-14, "Cjt": 2.0103310469892172e-14, "Ct": 5.045883289720972e-14, "Ejp": 318575700392.3789, "Ejt": 122868053443.07703, "alpha": 0.2984268467017846, "ng": 0.35550156248091014}, "datetime": {"datetime": "2022-09-05 10:41:30", "elapsed": 10.235937, "delta": 0.247156}}
{"target": -1355.413278038216, "params": {"Cc": 4.7426384644077465e-15, "Cjp": 6.205182164836838e-14, "Cjt": 2.4132947784685758e-14, "Ct": 1.1094758683153946e-14, "Ejp": 254757105090.55893, "Ejt": 216999345467.42383, "alpha": 0.22213731527453062, "ng": 0.2865418695221247}, "datetime": {"datetime": "2022-09-05 10:41:30", "elapsed": 10.533426, "delta": 0.297489}}
{"target": -3935.0148531486457, "params": {"Cc": 5.8960910693254424e-15, "Cjp": 6.57595973501037e-14, "Cjt": 1.531000847234132e-14, "Ct": 7.540125389638914e-14, "Ejp": 166614741939.9768, "Ejt": 231773138528.11154, "alpha": 0.7282368225772952, "ng": 0.10669912839754186}, "datetime": {"datetime": "2022-09-05 10:41:30", "elapsed": 10.762671, "delta": 0.229245}}
{"target": -21607.21692156637, "params": {"Cc": 3.919262137535678e-15, "Cjp": 8.7419315263611e-14, "Cjt": 8.462625115260489e-14, "Ct": 5.430561866685983e-14, "Ejp": 359982482249.95386, "Ejt": 382432096973.7693, "alpha": 0.7611255981034731, "ng": 0.3562346331509616}, "datetime": {"datetime": "2022-09-05 10:41:30", "elapsed": 10.987333, "delta": 0.224662}}
{"target": -386.8173243281523, "params": {"Cc": 1.8886906163831353e-15, "Cjp": 6.547912890175812e-14, "Cjt": 7.064818182711264e-14, "Ct": 6.141384045201634e-14, "Ejp": 339884578520.8084, "Ejt": 62099926955.07199, "alpha": 0.7161909876439839, "ng": 0.3195185802218581}, "datetime": {"datetime": "2022-09-05 10:41:30", "elapsed": 11.217673, "delta": 0.23034}}
{"target": -3353.011067703043, "params": {"Cc": 3.3372855396851777e-15, "Cjp": 2.6449860583392522e-14, "Cjt": 6.359802842558265e-14, "Ct": 3.5184448697517075e-14, "Ejp": 338976603402.1863, "Ejt": 206151181201.21005, "alpha": 0.7261995318273375, "ng": 0.3971415350871522}, "datetime": {"datetime": "2022-09-05 10:41:31", "elapsed": 11.452537, "delta": 0.234864}}
{"target": -11546.799286136931, "params": {"Cc": 3.7022350558051005e-15, "Cjp": 1.515757699755184e-14, "Cjt": 9.022953519857811e-14, "Ct": 5.461437850984996e-14, "Ejp": 392422111256.52466, "Ejt": 272811540000.66403, "alpha": 0.8951304196883831, "ng": 0.26382124124288553}, "datetime": {"datetime": "2022-09-05 10:41:31", "elapsed": 11.685142, "delta": 0.232605}}
{"target": -3397.101031965503, "params": {"Cc": 5.737833405149692e-15, "Cjp": 1.440736240414482e-14, "Cjt": 3.621481192740423e-14, "Ct": 3.5956381623409555e-15, "Ejp": 148118553855.8947, "Ejt": 310973017447.62366, "alpha": 0.12431975194303108, "ng": 0.2099629291731233}, "datetime": {"datetime": "2022-09-05 10:41:31", "elapsed": 11.909265, "delta": 0.224123}}
{"target": -4851.43952824135, "params": {"Cc": 8.761116275542398e-15, "Cjp": 6.957509403322808e-14, "Cjt": 6.940327206455069e-14, "Ct": 1.9675043294575777e-14, "Ejp": 232571284224.527, "Ejt": 253552092570.50192, "alpha": 0.8918013661309642, "ng": 0.16117186756993657}, "datetime": {"datetime": "2022-09-05 10:41:31", "elapsed": 12.143847, "delta": 0.234582}}
{"target": -5798.575913929621, "params": {"Cc": 3.2295961158611937e-15, "Cjp": 2.695513529351828e-14, "Cjt": 7.526706891650129e-14, "Ct": 4.6240557416133595e-14, "Ejp": 117078831523.32849, "Ejt": 227980684213.58386, "alpha": 0.26956813171494076, "ng": 0.3395812734280631}, "datetime": {"datetime": "2022-09-05 10:41:32", "elapsed": 12.366011, "delta": 0.222164}}
{"target": -15171.55058198711, "params": {"Cc": 3.67598243356545e-15, "Cjp": 3.73299518349586e-15, "Cjt": 5.974981249699748e-14, "Ct": 8.454020246418769e-14, "Ejp": 214304837218.66425, "Ejt": 312450408754.15015, "alpha": 0.5089131826377026, "ng": 0.2622855414886566}, "datetime": {"datetime": "2022-09-05 10:41:32", "elapsed": 12.6016, "delta": 0.235589}}
{"target": -9237.73157241821, "params": {"Cc": 9.634908889555772e-15, "Cjp": 8.059212825836604e-14, "Cjt": 4.199983595733825e-15, "Ct": 7.122933787189821e-14, "Ejp": 239500444469.05182, "Ejt": 381642129488.2849, "alpha": 0.27714618745879066, "ng": 0.18012160590530973}, "datetime": {"datetime": "2022-09-05 10:41:32", "elapsed": 12.916561, "delta": 0.314961}}
{"target": -4687.087605015244, "params": {"Cc": 1.733265683895358e-15, "Cjp": 4.343326403771487e-14, "Cjt": 1.1792857637887763e-14, "Ct": 6.374488930057987e-14, "Ejp": 340888971212.12134, "Ejt": 293880173642.0625, "alpha": 0.7129691048606164, "ng": 0.20273623595305595}, "datetime": {"datetime": "2022-09-05 10:41:32", "elapsed": 13.130471, "delta": 0.21391}}
{"target": -815.6328875014376, "params": {"Cc": 8.6126633472491e-15, "Cjp": 4.344810872494482e-14, "Cjt": 8.257697717081956e-14, "Ct": 6.302311970380508e-14, "Ejp": 143026914601.0735, "Ejt": 77435414949.23178, "alpha": 0.11466611433040584, "ng": 0.12001749929180694}, "datetime": {"datetime": "2022-09-05 10:41:33", "elapsed": 13.378908, "delta": 0.248437}}
{"target": -6002.413578267966, "params": {"Cc": 5.127254323375886e-15, "Cjp": 1.2220850353991458e-14, "Cjt": 3.7505515360183254e-15, "Ct": 7.573128665765628e-14, "Ejp": 218455144138.19183, "Ejt": 311428473462.6338, "alpha": 0.46192386139716124, "ng": 0.23502602410022835}, "datetime": {"datetime": "2022-09-05 10:41:33", "elapsed": 13.606989, "delta": 0.228081}}
{"target": -358.9207652255279, "params": {"Cc": 5.302652560460479e-15, "Cjp": 4.7926388729657214e-14, "Cjt": 8.051317086930279e-14, "Ct": 4.083685946591585e-14, "Ejp": 371405848103.0869, "Ejt": 62971366783.91255, "alpha": 0.7190994741763349, "ng": 0.13769241434132165}, "datetime": {"datetime": "2022-09-05 10:41:33", "elapsed": 13.827892, "delta": 0.220903}}
{"target": -5736.7497532948455, "params": {"Cc": 6.566622102208769e-15, "Cjp": 2.0260618721879622e-15, "Cjt": 5.4324100975058354e-14, "Ct": 1.2987777053400399e-15, "Ejp": 385358135647.06134, "Ejt": 366890711795.9723, "alpha": 0.7367735535538155, "ng": 0.37458229597443626}, "datetime": {"datetime": "2022-09-05 10:41:33", "elapsed": 14.064221, "delta": 0.236329}}
{"target": -9902.810537778842, "params": {"Cc": 2.3100240804255736e-15, "Cjp": 1.6615276917182796e-14, "Cjt": 1.9575535617340964e-14, "Ct": 6.262709432769219e-14, "Ejp": 371742848802.4906, "Ejt": 396484312425.6758, "alpha": 0.6688979670126527, "ng": 0.3195401227426886}, "datetime": {"datetime": "2022-09-05 10:41:34", "elapsed": 14.292106, "delta": 0.227885}}
{"target": -4029.500961359049, "params": {"Cc": 9.18363884089829e-15, "Cjp": 4.0686499504740976e-14, "Cjt": 2.573521734227864e-14, "Ct": 1.8169586907925163e-14, "Ejp": 135837115100.1187, "Ejt": 334413705811.49005, "alpha": 0.21743389873379454, "ng": 0.17928924481807024}, "datetime": {"datetime": "2022-09-05 10:41:34", "elapsed": 14.553509, "delta": 0.261403}}
{"target": -3124.7101472443183, "params": {"Cc": 8.371802607701777e-15, "Cjp": 3.1748137927626794e-14, "Cjt": 9.825932748000134e-14, "Ct": 2.7397231513011887e-14, "Ejp": 260096003491.36343, "Ejt": 160063453915.04736, "alpha": 0.82861826493907, "ng": 0.20996699315537035}, "datetime": {"datetime": "2022-09-05 10:41:34", "elapsed": 14.789145, "delta": 0.235636}}
{"target": -11021.95237565994, "params": {"Cc": 4.90233094545848e-15, "Cjp": 5.1716976535557783e-14, "Cjt": 9.394976125960162e-14, "Ct": 4.063951620843921e-15, "Ejp": 315063599089.5067, "Ejt": 361856634002.3186, "alpha": 0.12182977881397505, "ng": 0.25661537417575325}, "datetime": {"datetime": "2022-09-05 10:41:34", "elapsed": 15.07727, "delta": 0.288125}}
{"target": -8839.848136667388, "params": {"Cc": 3.9339083059302275e-15, "Cjp": 8.6089442765693e-14, "Cjt": 5.6293138541329274e-14, "Ct": 6.933255894811204e-14, "Ejp": 235856049985.46124, "Ejt": 269908163132.475, "alpha": 0.33207748134994064, "ng": 0.10280457338995475}, "datetime": {"datetime": "2022-09-05 10:41:35", "elapsed": 15.413727, "delta": 0.336457}}
