{"target": -2714.764191527542, "params": {"Cc": 5.809883756372199e-15, "Cjp": 3.183297719911382e-14, "Cjt": 5.177503309026287e-14, "Ct": 9.164894472008438e-14, "Ejp": 227942436550.4188, "Ejt": 136588612810.83488, "alpha": 0.3970350090232436, "ng": 0.37955833499096225}, "datetime": {"datetime": "2022-09-05 02:37:17", "elapsed": 15.20549, "delta": 0.268936}}
{"target": -1729.5841925178531, "params": {"Cc": 9.374996974960028e-15, "Cjp": 8.45886649080056e-14, "Cjt": 9.202863077913548e-14, "Ct": 2.2867238966136565e-14, "Ejp": 126244662866.07727, "Ejt": 129558407699.64107, "alpha": 0.3515012928912403, "ng": 0.15242976290689347}, "datetime": {"datetime": "2022-09-05 02:37:17", "elapsed": 15.471302, "delta": 0.265812}}
{"target": -1422.9822451458654, "params": {"Cc": 6.1102322035273595e-15, "Cjp": 4.1945055085114975e-14, "Cjt": 8.165351603153869e-14, "Ct": 1.8594526787076166e-14, "Ejp": 310562958926.8931, "Ejt": 134124468697.19861, "alpha": 0.5593752710726878, "ng": 0.20469627916623667}, "datetime": {"datetime": "2022-09-05 02:37:17", "elapsed": 15.71347, "delta": 0.242168}}
{"target": -1109.3165444446201, "params": {"Cc": 6.63947554880044e-16, "Cjp": 2.365255342507721e-14, "Cjt": 6.644384527994387e-14, "Ct": 4.977528432671708e-14, "Ejp": 255704795222.10364, "Ejt": 111152052538.12288, "alpha": 0.5565726812370051, "ng": 0.3990260275624631}, "datetime": {"datetime": "2022-09-05 02:37:18", "elapsed": 15.928657, "delta": 0.215187}}
{"target": -803.2482282140758, "params": {"Cc": 8.186667577037057e-15, "Cjp": 5.98428897592668e-14, "Cjt": 9.760130792625741e-14, "Ct": 9.01661022084652e-14, "Ejp": 278682380080.7937, "Ejt": 61349213860.05998, "alpha": 0.1748616766539846, "ng": 0.11961151451266792}, "datetime": {"datetime": "2022-09-05 02:37:18", "elapsed": 16.234283, "delta": 0.305626}}
{"target": -10773.741137276595, "params": {"Cc": 4.5721581720456055e-15, "Cjp": 3.8168048483617925e-14, "Cjt": 9.753746842360163e-14, "Ct": 1.6881530990641533e-14, "Ejp": 391836277579.7966, "Ejt": 318616204102.05457, "alpha": 0.7593902716995983, "ng": 0.28978474503339924}, "datetime": {"datetime": "2022-09-05 02:37:18", "elapsed": 16.458942, "delta": 0.224659}}
{"target": -2882.47896463069, "params": {"Cc": 6.7204544250466475e-15, "Cjp": 4.821135101859815e-14, "Cjt": 1.4123220566149175e-15, "Ct": 3.5365307945628296e-14, "Ejp": 247621540448.06754, "Ejt": 305531923881.5365, "alpha": 0.47490267419688736, "ng": 0.23722147482682954}, "datetime": {"datetime": "2022-09-05 02:37:18", "elapsed": 16.709696, "delta": 0.250754}}
{"target": -1302.319569174489, "params": {"Cc": 1.4628611353614713e-15, "Cjp": 2.07798464654442e-15, "Cjt": 7.585199822165192e-14, "Ct": 3.2063288523960075e-14, "Ejp": 395315035058.0532, "Ejt": 127081979155.7046, "alpha": 0.3709664203853438, "ng": 0.25716884069983953}, "datetime": {"datetime": "2022-09-05 02:37:19", "elapsed": 16.925403, "delta": 0.215707}}
{"target": -2837.897193476441, "params": {"Cc": 7.573425424899274e-15, "Cjp": 4.692192060612927e-14, "Cjt": 1.256977205685646e-14, "Ct": 3.131888771135575e-14, "Ejp": 251355750910.2984, "Ejt": 285847152805.9037, "alpha": 0.7161199650496738, "ng": 0.1391007342863063}, "datetime": {"datetime": "2022-09-05 02:37:19", "elapsed": 17.155196, "delta": 0.229793}}
{"target": -5018.517563064157, "params": {"Cc": 3.268598000915795e-16, "Cjp": 5.238914989898696e-14, "Cjt": 8.101787219517539e-14, "Ct": 1.3591163262846438e-15, "Ejp": 301740953396.1202, "Ejt": 290382879329.94714, "alpha": 0.4593974028693101, "ng": 0.37443660602258033}, "datetime": {"datetime": "2022-09-05 02:37:19", "elapsed": 17.444001, "delta": 0.288805}}
{"target": -10850.30861747047, "params": {"Cc": 6.4791747390942306e-15, "Cjp": 1.5187439274951193e-15, "Cjt": 4.849440170688613e-14, "Ct": 8.594584882915025e-14, "Ejp": 349119871011.20184, "Ejt": 277203968989.3673, "alpha": 0.6389587391189053, "ng": 0.2735498739367602}, "datetime": {"datetime": "2022-09-05 02:37:19", "elapsed": 17.700196, "delta": 0.256195}}
{"target": -1062.4648978459647, "params": {"Cc": 2.8137857741518368e-15, "Cjp": 5.6492469063069825e-14, "Cjt": 6.720580550326029e-14, "Ct": 3.530772005861925e-14, "Ejp": 356748510176.17834, "Ejt": 118263120103.04755, "alpha": 0.6978566482655386, "ng": 0.18688082385606325}, "datetime": {"datetime": "2022-09-05 02:37:20", "elapsed": 17.955454, "delta": 0.255258}}
