{"target": -194.71842831756157, "params": {"Cc": 4.228517846555483e-15, "Cjp": 7.231212485077366e-14, "Cjt": 1.1142604425275419e-16, "Ct": 3.03030240059208e-14, "Ejp": 144026767245.1339, "Ejt": 82318508169.07922, "alpha": 0.24900816910213674, "ng": 0.20366821811291436}, "datetime": {"datetime": "2022-09-05 02:37:02", "elapsed": 0.0, "delta": 0.0}}
{"target": -12798.137378555008, "params": {"Cc": 4.027997994883633e-15, "Cjp": 5.434285666633234e-14, "Cjt": 4.1977531988889157e-14, "Ct": 6.855342808963628e-14, "Ejp": 161335674919.45523, "Ejt": 357341102736.8309, "alpha": 0.12191007455834094, "ng": 0.3011402530535207}, "datetime": {"datetime": "2022-09-05 02:37:02", "elapsed": 0.245821, "delta": 0.245821}}
{"target": -4374.796553599195, "params": {"Cc": 4.2313175434345575e-15, "Cjp": 5.631029301612942e-14, "Cjt": 1.4124655165663854e-14, "Ct": 1.9890338759579395e-14, "Ejp": 340223370602.661, "Ejt": 388891551501.7891, "alpha": 0.35073934252739425, "ng": 0.30769678470079426}, "datetime": {"datetime": "2022-09-05 02:37:02", "elapsed": 0.552726, "delta": 0.306905}}
{"target": -3361.3605169624893, "params": {"Cc": 8.77625260773078e-15, "Cjp": 8.956605968688089e-14, "Cjt": 8.595916715840814e-15, "Ct": 4.001572844964948e-15, "Ejp": 150949125869.37067, "Ejt": 357349876200.2946, "alpha": 0.17867746706644008, "ng": 0.22633228750151568}, "datetime": {"datetime": "2022-09-05 02:37:02", "elapsed": 0.831041, "delta": 0.278315}}
{"target": -11007.85187111609, "params": {"Cc": 9.58310634848997e-15, "Cjp": 5.3783363212328696e-14, "Cjt": 6.92185236836523e-14, "Ct": 3.1620011537505694e-14, "Ejp": 305950278304.4751, "Ejt": 342118985164.0805, "alpha": 0.11463062187535344, "ng": 0.3250432944834903}, "datetime": {"datetime": "2022-09-05 02:37:03", "elapsed": 1.118805, "delta": 0.287764}}
{"target": -4230.8714725196905, "params": {"Cc": 9.889724780174297e-15, "Cjp": 7.506839978360411e-14, "Cjt": 2.811635480723408e-14, "Ct": 7.89490049123037e-14, "Ejp": 130967801973.2926, "Ejt": 206762734161.5668, "alpha": 0.8268764024744765, "ng": 0.18808424451210387}, "datetime": {"datetime": "2022-09-05 02:37:03", "elapsed": 1.338063, "delta": 0.219258}}
{"target": -932.9553393637268, "params": {"Cc": 2.948975852004853e-15, "Cjp": 1.3872828639709491e-14, "Cjt": 2.034759091242678e-15, "Ct": 6.791566974069511e-14, "Ejp": 163488434800.0177, "Ejt": 142941330780.27917, "alpha": 0.4932585274242707, "ng": 0.11600876353512413}, "datetime": {"datetime": "2022-09-05 02:37:03", "elapsed": 1.558977, "delta": 0.220914}}
{"target": -4792.810710769317, "params": {"Cc": 5.78376429437093e-15, "Cjp": 1.5526128915675203e-14, "Cjt": 5.89716231366381e-14, "Ct": 7.000586016609103e-14, "Ejp": 130700328648.34775, "Ejt": 194919595736.8489, "alpha": 0.6555201261821961, "ng": 0.22425378085807082}, "datetime": {"datetime": "2022-09-05 02:37:03", "elapsed": 1.763787, "delta": 0.20481}}
{"target": -6745.849283990772, "params": {"Cc": 5.94539243566263e-16, "Cjp": 5.405374418563565e-14, "Cjt": 6.64130850574569e-14, "Ct": 5.153742229462503e-14, "Ejp": 383378426797.244, "Ejt": 255294264175.6975, "alpha": 0.8227215322303069, "ng": 0.14124241124387127}, "datetime": {"datetime": "2022-09-05 02:37:04", "elapsed": 1.97737, "delta": 0.213583}}
{"target": -1077.8550834596426, "params": {"Cc": 1.4788358377825098e-15, "Cjp": 8.093173758224286e-14, "Cjt": 3.982791601485481e-14, "Ct": 1.6618884291981587e-14, "Ejp": 378252574118.8102, "Ejt": 171718050910.9273, "alpha": 0.7006496825089245, "ng": 0.3177993956051355}, "datetime": {"datetime": "2022-09-05 02:37:04", "elapsed": 2.193763, "delta": 0.216393}}
{"target": -14145.25467496611, "params": {"Cc": 8.844730302937516e-15, "Cjp": 6.274354849850527e-14, "Cjt": 7.511914915933099e-14, "Ct": 3.4954944363586476e-14, "Ejp": 180978367529.5078, "Ejt": 363560176368.6234, "alpha": 0.44247295189703595, "ng": 0.3894520141445157}, "datetime": {"datetime": "2022-09-05 02:37:04", "elapsed": 2.478698, "delta": 0.284935}}
{"target": -6092.3388086545565, "params": {"Cc": 6.6680708284026365e-15, "Cjp": 6.254787630070306e-14, "Cjt": 1.1563122698042181e-14, "Ct": 9.495397694483642e-14, "Ejp": 234973640043.98218, "Ejt": 252436365035.49612, "alpha": 0.426509442209025, "ng": 0.17110809407290833}, "datetime": {"datetime": "2022-09-05 02:37:04", "elapsed": 2.762216, "delta": 0.283518}}
{"target": -2621.966651975331, "params": {"Cc": 9.043457253566312e-15, "Cjp": 5.779426918055631e-14, "Cjt": 3.8674567041278115e-16, "Ct": 6.175277687071032e-14, "Ejp": 197993470531.62885, "Ejt": 234470335790.16324, "alpha": 0.8087536794486196, "ng": 0.20718092800074994}, "datetime": {"datetime": "2022-09-05 02:37:05", "elapsed": 2.974473, "delta": 0.212257}}
{"target": -13690.23845683267, "params": {"Cc": 9.094497994106012e-15, "Cjp": 6.271265146338847e-14, "Cjt": 1.6805421603709728e-15, "Ct": 9.295077965100176e-14, "Ejp": 307269075255.07715, "Ejt": 399062997658.0182, "alpha": 0.23787240667626286, "ng": 0.14114072488866333}, "datetime": {"datetime": "2022-09-05 02:37:05", "elapsed": 3.263349, "delta": 0.288876}}
{"target": -9821.44680371508, "params": {"Cc": 9.33269508406792e-15, "Cjp": 6.998499798750012e-14, "Cjt": 6.693417254934044e-15, "Ct": 7.557075895498639e-14, "Ejp": 326162856538.3739, "Ejt": 373058587441.26917, "alpha": 0.6692198069027774, "ng": 0.13728128859164943}, "datetime": {"datetime": "2022-09-05 02:37:05", "elapsed": 3.495301, "delta": 0.231952}}
{"target": -1504.3037846534307, "params": {"Cc": 2.9681332501397633e-16, "Cjp": 3.594887700894209e-15, "Cjt": 2.9278181532773817e-15, "Ct": 2.4696485653544287e-14, "Ejp": 358008384604.8664, "Ejt": 238590872519.5785, "alpha": 0.5422575829486127, "ng": 0.3526092677078817}, "datetime": {"datetime": "2022-09-05 02:37:05", "elapsed": 3.70146, "delta": 0.206159}}
{"target": -427.0438899354155, "params": {"Cc": 1.3293158196871204e-15, "Cjp": 2.863918422210281e-14, "Cjt": 5.861735121868296e-14, "Ct": 9.696261525713549e-14, "Ejp": 268309065776.71298, "Ejt": 56526551280.53006, "alpha": 0.7405061381444931, "ng": 0.16989228215230615}, "datetime": {"datetime": "2022-09-05 02:37:06", "elapsed": 3.912274, "delta": 0.210814}}
{"target": -1661.6870566302175, "params": {"Cc": 8.090341436625913e-15, "Cjp": 3.939820376235301e-14, "Cjt": 8.636783127048693e-14, "Ct": 7.473745210944474e-14, "Ejp": 266872070197.12567, "Ejt": 97759328981.23975, "alpha": 0.14793415160976933, "ng": 0.1364030367222212}, "datetime": {"datetime": "2022-09-05 02:37:06", "elapsed": 4.187657, "delta": 0.275383}}
{"target": -134.9102223393271, "params": {"Cc": 5.410635975931411e-16, "Cjp": 1.16419187815032e-14, "Cjt": 2.2648362926924685e-14, "Ct": 7.13275991402294e-14, "Ejp": 267915094616.24274, "Ejt": 54394593055.69055, "alpha": 0.15757942375158943, "ng": 0.39018289900008163}, "datetime": {"datetime": "2022-09-05 02:37:06", "elapsed": 4.408198, "delta": 0.220541}}
{"target": -5465.094928421084, "params": {"Cc": 5.724194573007428e-15, "Cjp": 2.1126030231438056e-14, "Cjt": 2.5307341882575313e-14, "Ct": 7.440820282210179e-14, "Ejp": 158628844332.79565, "Ejt": 253475624545.64023, "alpha": 0.8760159912706499, "ng": 0.35404864044701057}, "datetime": {"datetime": "2022-09-05 02:37:06", "elapsed": 4.637861, "delta": 0.229663}}
{"target": -362.456127430967, "params": {"Cc": 2.4744928155611033e-15, "Cjp": 4.9883201712604273e-14, "Cjt": 6.203357626629984e-14, "Ct": 8.291519186506285e-14, "Ejp": 147037418393.8253, "Ejt": 56501670762.09333, "alpha": 0.15601771497537786, "ng": 0.24590353328110956}, "datetime": {"datetime": "2022-09-05 02:37:06", "elapsed": 4.866829, "delta": 0.228968}}
{"target": -4310.312220095828, "params": {"Cc": 6.102661670367971e-15, "Cjp": 5.731629227156166e-14, "Cjt": 3.1804504691283864e-14, "Ct": 9.886275382580365e-14, "Ejp": 273923565773.73907, "Ejt": 183049410418.24265, "alpha": 0.5407585752943175, "ng": 0.3236003292719507}, "datetime": {"datetime": "2022-09-05 02:37:07", "elapsed": 5.116114, "delta": 0.249285}}
{"target": -485.21762471101965, "params": {"Cc": 6.725405645186528e-15, "Cjp": 2.722703620861813e-14, "Cjt": 6.726849959401313e-15, "Ct": 3.7071411371619225e-14, "Ejp": 288915252106.46936, "Ejt": 123560903470.19386, "alpha": 0.7022044429910511, "ng": 0.11996094440623449}, "datetime": {"datetime": "2022-09-05 02:37:07", "elapsed": 5.334177, "delta": 0.218063}}
{"target": -8992.324807242241, "params": {"Cc": 2.6771194759275558e-15, "Cjp": 8.06707018105912e-14, "Cjt": 1.9424084834070442e-14, "Ct": 6.398214199990602e-14, "Ejp": 257401092737.12012, "Ejt": 373682789639.77277, "alpha": 0.3106374163896888, "ng": 0.11978832720520714}, "datetime": {"datetime": "2022-09-05 02:37:07", "elapsed": 5.629868, "delta": 0.295691}}
{"target": -4076.3460297376396, "params": {"Cc": 7.377153036557828e-15, "Cjp": 7.744562492478143e-14, "Cjt": 9.079080366510206e-14, "Ct": 9.320400971276405e-14, "Ejp": 104185471892.67911, "Ejt": 132026730142.49718, "alpha": 0.5934226856013262, "ng": 0.384704896206285}, "datetime": {"datetime": "2022-09-05 02:37:07", "elapsed": 5.846366, "delta": 0.216498}}
{"target": -9000.993894258148, "params": {"Cc": 9.506743580546089e-15, "Cjp": 5.610866563132049e-14, "Cjt": 9.156907434165082e-14, "Ct": 6.419246427373911e-14, "Ejp": 217002314242.37387, "Ejt": 220096733483.9184, "alpha": 0.5834483863359786, "ng": 0.2648643764525688}, "datetime": {"datetime": "2022-09-05 02:37:08", "elapsed": 6.077779, "delta": 0.231413}}
{"target": -1143.0847202175357, "params": {"Cc": 9.269196124393891e-15, "Cjp": 9.195461012772701e-14, "Cjt": 3.9548073731063136e-14, "Ct": 9.632992659122711e-14, "Ejp": 152186700004.1393, "Ejt": 94215331803.87306, "alpha": 0.20806332643738507, "ng": 0.25169864970306904}, "datetime": {"datetime": "2022-09-05 02:37:08", "elapsed": 6.374319, "delta": 0.29654}}
{"target": -1582.8719114368532, "params": {"Cc": 3.1309557221455996e-16, "Cjp": 9.484905091055043e-14, "Cjt": 8.272883556995618e-14, "Ct": 1.6003961761380258e-15, "Ejp": 152858876672.51657, "Ejt": 166222251028.39294, "alpha": 0.20479747584873353, "ng": 0.34284720763797466}, "datetime": {"datetime": "2022-09-05 02:37:08", "elapsed": 6.647084, "delta": 0.272765}}
{"target": -21571.132918089133, "params": {"Cc": 3.5128928615646055e-15, "Cjp": 9.407064075100335e-14, "Cjt": 5.82432165767133e-14, "Ct": 8.789531524274323e-14, "Ejp": 353420333617.66656, "Ejt": 366887311548.0272, "alpha": 0.4679042126534456, "ng": 0.263904044806112}, "datetime": {"datetime": "2022-09-05 02:37:09", "elapsed": 6.937657, "delta": 0.290573}}
{"target": -6731.688413853679, "params": {"Cc": 8.006175552405189e-15, "Cjp": 2.928616632168061e-14, "Cjt": 4.907632690973078e-14, "Ct": 5.995111973382325e-14, "Ejp": 104659982665.25072, "Ejt": 257718492868.82303, "alpha": 0.44694107919156667, "ng": 0.3422081586654525}, "datetime": {"datetime": "2022-09-05 02:37:09", "elapsed": 7.156091, "delta": 0.218434}}
{"target": -3885.837344744073, "params": {"Cc": 3.2209235506441925e-15, "Cjp": 8.939598214398998e-14, "Cjt": 5.782793580692509e-14, "Ct": 1.848261914258376e-14, "Ejp": 336378770147.65125, "Ejt": 264210911965.72687, "alpha": 0.1431274176590024, "ng": 0.22605810400033968}, "datetime": {"datetime": "2022-09-05 02:37:09", "elapsed": 7.491628, "delta": 0.335537}}
{"target": -13298.637967024571, "params": {"Cc": 6.822781481997754e-15, "Cjp": 9.194157601977506e-14, "Cjt": 1.4016228664660759e-16, "Ct": 9.767823898820286e-14, "Ejp": 212974094423.73236, "Ejt": 390824238425.4129, "alpha": 0.5837728807792425, "ng": 0.34865374239420793}, "datetime": {"datetime": "2022-09-05 02:37:09", "elapsed": 7.752529, "delta": 0.260901}}
{"target": -8843.228842139823, "params": {"Cc": 5.7896438966102134e-15, "Cjp": 6.31795436324277e-14, "Cjt": 2.8629070541399824e-14, "Ct": 5.872465073154269e-14, "Ejp": 325006529110.798, "Ejt": 350409842750.1648, "alpha": 0.7040657507741441, "ng": 0.30941717453419093}, "datetime": {"datetime": "2022-09-05 02:37:10", "elapsed": 7.977043, "delta": 0.224514}}
{"target": -3906.95242797248, "params": {"Cc": 8.658346357540537e-15, "Cjp": 3.29454186868379e-14, "Cjt": 6.711180019967996e-14, "Ct": 4.514230624769359e-14, "Ejp": 214630825609.45517, "Ejt": 193783972472.76495, "alpha": 0.42118366677563246, "ng": 0.1952151837874831}, "datetime": {"datetime": "2022-09-05 02:37:10", "elapsed": 8.24921, "delta": 0.272167}}
{"target": -7844.973924815285, "params": {"Cc": 6.257001742410985e-15, "Cjp": 4.3594479811305173e-14, "Cjt": 9.73828275849325e-14, "Ct": 6.781230905428768e-14, "Ejp": 159570966528.13327, "Ejt": 199345353271.81146, "alpha": 0.3746769918195384, "ng": 0.33929164118757005}, "datetime": {"datetime": "2022-09-05 02:37:10", "elapsed": 8.499582, "delta": 0.250372}}
{"target": -10145.859633416172, "params": {"Cc": 8.811983056777974e-15, "Cjp": 9.048035362681083e-14, "Cjt": 6.63057092562887e-14, "Ct": 2.7093805376772806e-14, "Ejp": 175710010451.37692, "Ejt": 349214279944.0908, "alpha": 0.5221717170469974, "ng": 0.34064832520137944}, "datetime": {"datetime": "2022-09-05 02:37:10", "elapsed": 8.771043, "delta": 0.271461}}
{"target": -5781.737421235597, "params": {"Cc": 5.767636320196903e-15, "Cjp": 7.358111000346361e-14, "Cjt": 5.1949261583659184e-14, "Ct": 7.711130265913862e-14, "Ejp": 270657397211.41467, "Ejt": 212998457507.1933, "alpha": 0.3741511263626255, "ng": 0.12046280452501124}, "datetime": {"datetime": "2022-09-05 02:37:11", "elapsed": 9.094584, "delta": 0.323541}}
{"target": -13844.136099793577, "params": {"Cc": 3.841449375348189e-15, "Cjp": 8.882981692126985e-15, "Cjt": 9.828342966167145e-14, "Ct": 1.82431238479433e-14, "Ejp": 343557609316.1619, "Ejt": 356236575734.56433, "alpha": 0.6507306019087546, "ng": 0.27084832382361274}, "datetime": {"datetime": "2022-09-05 02:37:11", "elapsed": 9.316205, "delta": 0.221621}}
{"target": -932.3557734983574, "params": {"Cc": 1.693617224474527e-15, "Cjp": 4.722112225356733e-14, "Cjt": 3.458268791040598e-14, "Ct": 2.2581491785627052e-14, "Ejp": 277753560629.739, "Ejt": 159294443195.67096, "alpha": 0.8330444427746806, "ng": 0.3728906574854671}, "datetime": {"datetime": "2022-09-05 02:37:11", "elapsed": 9.534345, "delta": 0.21814}}
{"target": -645.425261129311, "params": {"Cc": 2.6454711084437425e-15, "Cjp": 1.1978238773658891e-14, "Cjt": 1.9376976928709375e-14, "Ct": 5.000845865082072e-14, "Ejp": 318575700392.3789, "Ejt": 122868053443.07703, "alpha": 0.2984268467017846, "ng": 0.35550156248091014}, "datetime": {"datetime": "2022-09-05 02:37:11", "elapsed": 9.794138, "delta": 0.259793}}
{"target": -1326.4138119826503, "params": {"Cc": 4.216902310848521e-15, "Cjp": 6.205182164836838e-14, "Cjt": 2.3443247310001085e-14, "Ct": 1.0286529216637163e-14, "Ejp": 254757105090.55893, "Ejt": 216999345467.42383, "alpha": 0.22213731527453062, "ng": 0.2865418695221247}, "datetime": {"datetime": "2022-09-05 02:37:12", "elapsed": 10.082997, "delta": 0.288859}}
{"target": -3846.2804027197585, "params": {"Cc": 5.485700176257988e-15, "Cjp": 6.57595973501037e-14, "Cjt": 1.454009945845352e-14, "Ct": 7.517762893181087e-14, "Ejp": 166614741939.9768, "Ejt": 231773138528.11154, "alpha": 0.7282368225772952, "ng": 0.10669912839754186}, "datetime": {"datetime": "2022-09-05 02:37:12", "elapsed": 10.327416, "delta": 0.244419}}
{"target": -21294.137780452726, "params": {"Cc": 3.3111883512892464e-15, "Cjp": 8.7419315263611e-14, "Cjt": 8.448648979944676e-14, "Ct": 5.389021520019492e-14, "Ejp": 359982482249.95386, "Ejt": 382432096973.7693, "alpha": 0.7611255981034731, "ng": 0.3562346331509616}, "datetime": {"datetime": "2022-09-05 02:37:12", "elapsed": 10.570399, "delta": 0.242983}}
{"target": -378.9100789877672, "params": {"Cc": 1.0775596780214489e-15, "Cjp": 6.547912890175812e-14, "Cjt": 7.038134711645003e-14, "Ct": 6.10630571833983e-14, "Ejp": 339884578520.8084, "Ejt": 62099926955.07199, "alpha": 0.7161909876439839, "ng": 0.3195185802218581}, "datetime": {"datetime": "2022-09-05 02:37:12", "elapsed": 10.808191, "delta": 0.237792}}
{"target": -3269.454954691276, "params": {"Cc": 2.6710140936536957e-15, "Cjp": 2.6449860583392522e-14, "Cjt": 6.326710141126977e-14, "Ct": 3.459521641294905e-14, "Ejp": 338976603402.1863, "Ejt": 206151181201.21005, "alpha": 0.7261995318273375, "ng": 0.3971415350871522}, "datetime": {"datetime": "2022-09-05 02:37:13", "elapsed": 11.042167, "delta": 0.233976}}
{"target": -11387.209312272349, "params": {"Cc": 3.072458561385611e-15, "Cjp": 1.515757699755184e-14, "Cjt": 9.014071279129246e-14, "Ct": 5.4201781950848595e-14, "Ejp": 392422111256.52466, "Ejt": 272811540000.66403, "alpha": 0.8951304196883831, "ng": 0.26382124124288553}, "datetime": {"datetime": "2022-09-05 02:37:13", "elapsed": 11.278335, "delta": 0.236168}}
{"target": -3317.688719354359, "params": {"Cc": 5.311616745664661e-15, "Cjp": 1.440736240414482e-14, "Cjt": 3.563494658128973e-14, "Ct": 2.7192348729076913e-15, "Ejp": 148118553855.8947, "Ejt": 310973017447.62366, "alpha": 0.12431975194303108, "ng": 0.2099629291731233}, "datetime": {"datetime": "2022-09-05 02:37:13", "elapsed": 11.495835, "delta": 0.2175}}
{"target": -4763.850000566088, "params": {"Cc": 8.637227903096636e-15, "Cjp": 6.957509403322808e-14, "Cjt": 6.912511999241024e-14, "Ct": 1.894481641543556e-14, "Ejp": 232571284224.527, "Ejt": 253552092570.50192, "alpha": 0.8918013661309642, "ng": 0.16117186756993657}, "datetime": {"datetime": "2022-09-05 02:37:13", "elapsed": 11.73124, "delta": 0.235405}}
{"target": -5687.027774451187, "params": {"Cc": 2.5525557274473133e-15, "Cjp": 2.695513529351828e-14, "Cjt": 7.504222408846948e-14, "Ct": 4.5751835210825713e-14, "Ejp": 117078831523.32849, "Ejt": 227980684213.58386, "alpha": 0.26956813171494076, "ng": 0.3395812734280631}, "datetime": {"datetime": "2022-09-05 02:37:14", "elapsed": 11.950447, "delta": 0.219207}}
{"target": -14959.940481583793, "params": {"Cc": 3.0435806769219952e-15, "Cjp": 3.73299518349586e-15, "Cjt": 5.938390170151564e-14, "Ct": 8.439965885022576e-14, "Ejp": 214304837218.66425, "Ejt": 312450408754.15015, "alpha": 0.5089131826377026, "ng": 0.2622855414886566}, "datetime": {"datetime": "2022-09-05 02:37:14", "elapsed": 12.164443, "delta": 0.213996}}
{"target": -9057.325126009924, "params": {"Cc": 9.59839977851135e-15, "Cjp": 8.059212825836604e-14, "Cjt": 3.329074355695041e-15, "Ct": 7.096778639800638e-14, "Ejp": 239500444469.05182, "Ejt": 381642129488.2849, "alpha": 0.27714618745879066, "ng": 0.18012160590530973}, "datetime": {"datetime": "2022-09-05 02:37:14", "elapsed": 12.498773, "delta": 0.33433}}
{"target": -4530.196810031974, "params": {"Cc": 9.065922522848938e-16, "Cjp": 4.343326403771487e-14, "Cjt": 1.0990974525504923e-14, "Ct": 6.34152973851306e-14, "Ejp": 340888971212.12134, "Ejt": 293880173642.0625, "alpha": 0.7129691048606164, "ng": 0.20273623595305595}, "datetime": {"datetime": "2022-09-05 02:37:14", "elapsed": 12.718176, "delta": 0.219403}}
{"target": -808.8174231132618, "params": {"Cc": 8.47392968197401e-15, "Cjp": 4.344810872494482e-14, "Cjt": 8.241858605419065e-14, "Ct": 6.268696624656694e-14, "Ejp": 143026914601.0735, "Ejt": 77435414949.23178, "alpha": 0.11466611433040584, "ng": 0.12001749929180694}, "datetime": {"datetime": "2022-09-05 02:37:15", "elapsed": 12.964613, "delta": 0.246437}}
{"target": -5842.8458879705395, "params": {"Cc": 4.639979755713475e-15, "Cjp": 1.2220850353991458e-14, "Cjt": 2.8755565499821287e-15, "Ct": 7.55106619909077e-14, "Ejp": 218455144138.19183, "Ejt": 311428473462.6338, "alpha": 0.46192386139716124, "ng": 0.23502602410022835}, "datetime": {"datetime": "2022-09-05 02:37:15", "elapsed": 13.192837, "delta": 0.228224}}
{"target": -352.6158266594939, "params": {"Cc": 4.832917816506527e-15, "Cjp": 4.7926388729657214e-14, "Cjt": 8.033601787720554e-14, "Ct": 4.0299012733787815e-14, "Ejp": 371405848103.0869, "Ejt": 62971366783.91255, "alpha": 0.7190994741763349, "ng": 0.13769241434132165}, "datetime": {"datetime": "2022-09-05 02:37:15", "elapsed": 13.417841, "delta": 0.225004}}
{"target": -5572.507504281517, "params": {"Cc": 6.223284312429647e-15, "Cjp": 2.0260618721879622e-15, "Cjt": 5.3908865529377066e-14, "Ct": 4.014938662976766e-16, "Ejp": 385358135647.06134, "Ejt": 366890711795.9723, "alpha": 0.7367735535538155, "ng": 0.37458229597443626}, "datetime": {"datetime": "2022-09-05 02:37:15", "elapsed": 13.660574, "delta": 0.242733}}
{"target": -9598.610798047264, "params": {"Cc": 1.541026488468131e-15, "Cjp": 1.6615276917182796e-14, "Cjt": 1.8844404122953158e-14, "Ct": 6.228734063976212e-14, "Ejp": 371742848802.4906, "Ejt": 396484312425.6758, "alpha": 0.6688979670126527, "ng": 0.3195401227426886}, "datetime": {"datetime": "2022-09-05 02:37:15", "elapsed": 13.87698, "delta": 0.216406}}
{"target": -3930.92283215752, "params": {"Cc": 9.102002724988118e-15, "Cjp": 4.0686499504740976e-14, "Cjt": 2.5060082954481177e-14, "Ct": 1.7425674061633577e-14, "Ejp": 135837115100.1187, "Ejt": 334413705811.49005, "alpha": 0.21743389873379454, "ng": 0.17928924481807024}, "datetime": {"datetime": "2022-09-05 02:37:16", "elapsed": 14.129394, "delta": 0.252414}}
{"target": -3089.3254337880926, "params": {"Cc": 8.208982868471955e-15, "Cjp": 3.1748137927626794e-14, "Cjt": 9.8243503184365e-14, "Ct": 2.673720634494836e-14, "Ejp": 260096003491.36343, "Ejt": 160063453915.04736, "alpha": 0.82861826493907, "ng": 0.20996699315537035}, "datetime": {"datetime": "2022-09-05 02:37:16", "elapsed": 14.35111, "delta": 0.221716}}
{"target": -10777.456069757665, "params": {"Cc": 4.392564040004329e-15, "Cjp": 5.1716976535557783e-14, "Cjt": 9.389475908923437e-14, "Ct": 3.1918057264879566e-15, "Ejp": 315063599089.5067, "Ejt": 361856634002.3186, "alpha": 0.12182977881397505, "ng": 0.25661537417575325}, "datetime": {"datetime": "2022-09-05 02:37:16", "elapsed": 14.629115, "delta": 0.278005}}
{"target": -8686.787828643448, "params": {"Cc": 3.3272991365232506e-15, "Cjp": 8.6089442765693e-14, "Cjt": 5.589580343715954e-14, "Ct": 6.905376402945851e-14, "Ejp": 235856049985.46124, "Ejt": 269908163132.475, "alpha": 0.33207748134994064, "ng": 0.10280457338995475}, "datetime": {"datetime": "2022-09-05 02:37:17", "elapsed": 14.936554, "delta": 0.307439}}
